<?xml version="1.0" encoding="UTF-8"?>
<!-- Generated by org.testng.reporters.JUnitXMLReporter -->
<testsuite ignored="4" hostname="DESKTOP-FUGQNF4" failures="0" tests="6" name="ContactUs Tests" time="124.269" errors="0" timestamp="2024-07-10T16:39:18 IST">
  <testcase classname="TestCases.ContactUsTC" name="testSubmitContactForm" time="12.347"/>
  <testcase classname="TestCases.ContactUsTC" name="testEmptyContatusFormSubmission" time="2.747"/>
  <testcase classname="TestCases.QueryTC" name="testSubmitQueryForm" time="7.377"/>
  <testcase classname="TestCases.QueryTC" name="testEmptyQueryFormSubmission" time="3.824"/>
  <testcase classname="TestCases.CareersTC" name="testCareersProfessionalsFormSubmission" time="12.101"/>
  <testcase classname="TestCases.CareersTC" name="testEmptyCareersProfessionalsFormSubmission" time="5.806"/>
  <testcase classname="Pageobject.BaseClass" name="@AfterSuite tearDownExtentReports" time="0.0">
    <ignored/>
  </testcase> <!-- @AfterSuite tearDownExtentReports -->
  <testcase classname="Pageobject.BaseClass" name="@AfterSuite tearDownExtentReports" time="0.0">
    <ignored/>
  </testcase> <!-- @AfterSuite tearDownExtentReports -->
  <testcase classname="Pageobject.BaseClass" name="@BeforeSuite setUpExtentReports" time="0.0">
    <ignored/>
  </testcase> <!-- @BeforeSuite setUpExtentReports -->
  <testcase classname="Pageobject.BaseClass" name="@BeforeSuite setUpExtentReports" time="0.0">
    <ignored/>
  </testcase> <!-- @BeforeSuite setUpExtentReports -->
</testsuite> <!-- ContactUs Tests -->
