<?xml version="1.0" encoding="UTF-8"?>
<!-- Generated by org.testng.reporters.JUnitXMLReporter -->
<testsuite ignored="8" hostname="DESKTOP-FUGQNF4" failures="0" tests="10" name="ContactUs Tests" time="166.833" errors="0" timestamp="2024-07-16T14:27:20 IST">
  <testcase classname="TestCases.ContactUsTC" name="testSubmitContactForm" time="13.851"/>
  <testcase classname="TestCases.ContactUsTC" name="testEmptyContatusFormSubmission" time="2.793"/>
  <testcase classname="TestCases.QueryTC" name="testSubmitQueryForm" time="5.8"/>
  <testcase classname="TestCases.QueryTC" name="testEmptyQueryFormSubmission" time="3.764"/>
  <testcase classname="TestCases.CareersProfessionalsTC" name="testCareersProfessionalsFormSubmission" time="14.677"/>
  <testcase classname="TestCases.CareersProfessionalsTC" name="testEmptyCareersProfessionalsFormSubmission" time="5.681"/>
  <testcase classname="TestCases.CareersFirmCollaborationsTC" name="testCareersCollaborationsFormSubmission" time="15.944"/>
  <testcase classname="TestCases.CareersFirmCollaborationsTC" name="testEmptyCareersCollaborationsFormSubmission" time="5.645"/>
  <testcase classname="TestCases.ArticleshipTC" name="testCareersProfessionalsFormSubmission" time="18.387"/>
  <testcase classname="TestCases.ArticleshipTC" name="testEmptyArticleshipFormSubmission" time="4.612"/>
  <testcase classname="Pageobject.BaseClass" name="@AfterSuite tearDownExtentReports" time="0.0">
    <ignored/>
  </testcase> <!-- @AfterSuite tearDownExtentReports -->
  <testcase classname="Pageobject.BaseClass" name="@AfterSuite tearDownExtentReports" time="0.0">
    <ignored/>
  </testcase> <!-- @AfterSuite tearDownExtentReports -->
  <testcase classname="Pageobject.BaseClass" name="@AfterSuite tearDownExtentReports" time="0.0">
    <ignored/>
  </testcase> <!-- @AfterSuite tearDownExtentReports -->
  <testcase classname="Pageobject.BaseClass" name="@AfterSuite tearDownExtentReports" time="0.0">
    <ignored/>
  </testcase> <!-- @AfterSuite tearDownExtentReports -->
  <testcase classname="Pageobject.BaseClass" name="@BeforeSuite setUpExtentReports" time="0.0">
    <ignored/>
  </testcase> <!-- @BeforeSuite setUpExtentReports -->
  <testcase classname="Pageobject.BaseClass" name="@BeforeSuite setUpExtentReports" time="0.0">
    <ignored/>
  </testcase> <!-- @BeforeSuite setUpExtentReports -->
  <testcase classname="Pageobject.BaseClass" name="@BeforeSuite setUpExtentReports" time="0.0">
    <ignored/>
  </testcase> <!-- @BeforeSuite setUpExtentReports -->
  <testcase classname="Pageobject.BaseClass" name="@BeforeSuite setUpExtentReports" time="0.0">
    <ignored/>
  </testcase> <!-- @BeforeSuite setUpExtentReports -->
</testsuite> <!-- ContactUs Tests -->
