<?xml version="1.0" encoding="UTF-8"?>
<!-- Generated by org.testng.reporters.JUnitXMLReporter -->
<testsuite ignored="8" hostname="DESKTOP-FUGQNF4" failures="0" tests="10" name="Form Submission Tests" time="170.411" errors="0" timestamp="2024-07-17T13:56:09 IST">
  <testcase classname="TestCases.ContactUsTC" name="testSubmitContactForm" time="13.498"/>
  <testcase classname="TestCases.ContactUsTC" name="testEmptyContatusFormSubmission" time="2.799"/>
  <testcase classname="TestCases.QueryTC" name="testSubmitQueryForm" time="8.365"/>
  <testcase classname="TestCases.QueryTC" name="testEmptyQueryFormSubmission" time="3.966"/>
  <testcase classname="TestCases.CareersProfessionalsTC" name="testCareersProfessionalsFormSubmission" time="15.293"/>
  <testcase classname="TestCases.CareersProfessionalsTC" name="testEmptyCareersProfessionalsFormSubmission" time="5.834"/>
  <testcase classname="TestCases.CareersFirmCollaborationsTC" name="testCareersCollaborationsFormSubmission" time="16.247"/>
  <testcase classname="TestCases.CareersFirmCollaborationsTC" name="testEmptyCareersCollaborationsFormSubmission" time="5.684"/>
  <testcase classname="TestCases.ArticleshipTC" name="testCareersProfessionalsFormSubmission" time="18.349"/>
  <testcase classname="TestCases.ArticleshipTC" name="testEmptyArticleshipFormSubmission" time="4.608"/>
  <testcase classname="Pageobject.BaseClass" name="@AfterSuite tearDownExtentReports" time="0.0">
    <ignored/>
  </testcase> <!-- @AfterSuite tearDownExtentReports -->
  <testcase classname="Pageobject.BaseClass" name="@AfterSuite tearDownExtentReports" time="0.0">
    <ignored/>
  </testcase> <!-- @AfterSuite tearDownExtentReports -->
  <testcase classname="Pageobject.BaseClass" name="@AfterSuite tearDownExtentReports" time="0.0">
    <ignored/>
  </testcase> <!-- @AfterSuite tearDownExtentReports -->
  <testcase classname="Pageobject.BaseClass" name="@AfterSuite tearDownExtentReports" time="0.0">
    <ignored/>
  </testcase> <!-- @AfterSuite tearDownExtentReports -->
  <testcase classname="Pageobject.BaseClass" name="@BeforeSuite setUpExtentReports" time="0.0">
    <ignored/>
  </testcase> <!-- @BeforeSuite setUpExtentReports -->
  <testcase classname="Pageobject.BaseClass" name="@BeforeSuite setUpExtentReports" time="0.0">
    <ignored/>
  </testcase> <!-- @BeforeSuite setUpExtentReports -->
  <testcase classname="Pageobject.BaseClass" name="@BeforeSuite setUpExtentReports" time="0.0">
    <ignored/>
  </testcase> <!-- @BeforeSuite setUpExtentReports -->
  <testcase classname="Pageobject.BaseClass" name="@BeforeSuite setUpExtentReports" time="0.0">
    <ignored/>
  </testcase> <!-- @BeforeSuite setUpExtentReports -->
</testsuite> <!-- Form Submission Tests -->
